<?xml version="1.0" encoding="UTF-8"?>
<testng-results ignored="0" total="1" passed="1" failed="0" skipped="0">
  <reporter-output>
  </reporter-output>
  <suite started-at="2022-11-28T00:17:04 IST" name="Default suite" finished-at="2022-11-28T00:20:12 IST" duration-ms="188063">
    <groups>
    </groups>
    <test started-at="2022-11-28T00:17:04 IST" name="Default test" finished-at="2022-11-28T00:20:12 IST" duration-ms="188063">
      <class name="com.framework.testcases.LoginTest">
        <test-method is-config="true" signature="setUpSuite()[pri:0, instance:com.framework.testcases.LoginTest@5403f35f]" started-at="2022-11-28T00:17:04 IST" name="setUpSuite" finished-at="2022-11-28T00:17:04 IST" duration-ms="8" status="PASS">
          <reporter-output>
          </reporter-output>
        </test-method> <!-- setUpSuite -->
        <test-method is-config="true" signature="SetUp()[pri:0, instance:com.framework.testcases.LoginTest@5403f35f]" started-at="2022-11-28T00:17:04 IST" name="SetUp" finished-at="2022-11-28T00:17:15 IST" duration-ms="11135" status="PASS">
          <reporter-output>
          </reporter-output>
        </test-method> <!-- SetUp -->
        <test-method signature="LoginApp()[pri:0, instance:com.framework.testcases.LoginTest@5403f35f]" started-at="2022-11-28T00:17:15 IST" name="LoginApp" finished-at="2022-11-28T00:20:11 IST" duration-ms="175919" status="PASS">
          <reporter-output>
          </reporter-output>
        </test-method> <!-- LoginApp -->
        <test-method is-config="true" signature="tearDownMethod(org.testng.ITestResult)[pri:0, instance:com.framework.testcases.LoginTest@5403f35f]" started-at="2022-11-28T00:20:11 IST" name="tearDownMethod" finished-at="2022-11-28T00:20:12 IST" duration-ms="282" status="PASS">
          <params>
            <param index="0">
              <value>
                <![CDATA[[TestResult name=LoginApp status=SUCCESS method=LoginTest.LoginApp()[pri:0, instance:com.framework.testcases.LoginTest@5403f35f] output={null}]]]>
              </value>
            </param>
          </params>
          <reporter-output>
          </reporter-output>
        </test-method> <!-- tearDownMethod -->
        <test-method is-config="true" signature="CleanUp()[pri:0, instance:com.framework.testcases.LoginTest@5403f35f]" started-at="2022-11-28T00:20:12 IST" name="CleanUp" finished-at="2022-11-28T00:20:12 IST" duration-ms="682" status="PASS">
          <reporter-output>
          </reporter-output>
        </test-method> <!-- CleanUp -->
      </class> <!-- com.framework.testcases.LoginTest -->
    </test> <!-- Default test -->
  </suite> <!-- Default suite -->
</testng-results>
