<?xml version="1.0" encoding="UTF-8"?>
<testng-results ignored="0" total="1" passed="1" failed="0" skipped="0">
  <reporter-output>
  </reporter-output>
  <suite started-at="2022-02-04T11:21:13 IST" name="Default suite" finished-at="2022-02-04T11:21:24 IST" duration-ms="10694">
    <groups>
    </groups>
    <test started-at="2022-02-04T11:21:13 IST" name="Default test" finished-at="2022-02-04T11:21:24 IST" duration-ms="10694">
      <class name="com.framework.testcases.LoginTest">
        <test-method is-config="true" signature="setUpSuite()[pri:0, instance:com.framework.testcases.LoginTest@429bffaa]" started-at="2022-02-04T11:21:13 IST" name="setUpSuite" finished-at="2022-02-04T11:21:13 IST" duration-ms="9" status="PASS">
          <reporter-output>
          </reporter-output>
        </test-method> <!-- setUpSuite -->
        <test-method is-config="true" signature="SetUp()[pri:0, instance:com.framework.testcases.LoginTest@429bffaa]" started-at="2022-02-04T11:21:13 IST" name="SetUp" finished-at="2022-02-04T11:21:20 IST" duration-ms="6791" status="PASS">
          <reporter-output>
          </reporter-output>
        </test-method> <!-- SetUp -->
        <test-method signature="LoginApp()[pri:0, instance:com.framework.testcases.LoginTest@429bffaa]" started-at="2022-02-04T11:21:20 IST" name="LoginApp" finished-at="2022-02-04T11:21:23 IST" duration-ms="2941" status="PASS">
          <reporter-output>
          </reporter-output>
        </test-method> <!-- LoginApp -->
        <test-method is-config="true" signature="tearDownMethod(org.testng.ITestResult)[pri:0, instance:com.framework.testcases.LoginTest@429bffaa]" started-at="2022-02-04T11:21:23 IST" name="tearDownMethod" finished-at="2022-02-04T11:21:23 IST" duration-ms="248" status="PASS">
          <params>
            <param index="0">
              <value>
                <![CDATA[[TestResult name=LoginApp status=SUCCESS method=LoginTest.LoginApp()[pri:0, instance:com.framework.testcases.LoginTest@429bffaa] output={null}]]]>
              </value>
            </param>
          </params>
          <reporter-output>
          </reporter-output>
        </test-method> <!-- tearDownMethod -->
        <test-method is-config="true" signature="CleanUp()[pri:0, instance:com.framework.testcases.LoginTest@429bffaa]" started-at="2022-02-04T11:21:23 IST" name="CleanUp" finished-at="2022-02-04T11:21:24 IST" duration-ms="678" status="PASS">
          <reporter-output>
          </reporter-output>
        </test-method> <!-- CleanUp -->
      </class> <!-- com.framework.testcases.LoginTest -->
    </test> <!-- Default test -->
  </suite> <!-- Default suite -->
</testng-results>
